<?xml version="1.0" encoding="UTF-8"?>
<!-- Generated by org.testng.reporters.JUnitXMLReporter -->
<testsuite hostname="Daniels-MacBook-Pro.local" name="Command line test" tests="12" failures="0" timestamp="17 Jul 2012 21:16:25 GMT" time="0.127" errors="0">
  <testcase name="@BeforeClass setup" time="0.0" classname="frameworktests.TestFramework">
    <failure type="java.lang.NullPointerException">
      <![CDATA[java.lang.NullPointerException
	at com.webdriver.qa.automation.framework.Framework.loadFramework(Framework.java:67)
	at frameworktests.TestFramework.setup(TestFramework.java:31)
	at org.apache.maven.surefire.testng.TestNGExecutor.run(TestNGExecutor.java:60)
	at org.apache.maven.surefire.testng.TestNGDirectoryTestSuite.execute(TestNGDirectoryTestSuite.java:106)
	at org.apache.maven.surefire.testng.TestNGProvider.invoke(TestNGProvider.java:111)
	at org.apache.maven.surefire.booter.ProviderFactory$ClassLoaderProxy.invoke(ProviderFactory.java:103)
	at $Proxy0.invoke(Unknown Source)
	at org.apache.maven.surefire.booter.SurefireStarter.invokeProvider(SurefireStarter.java:150)
	at org.apache.maven.surefire.booter.SurefireStarter.runSuitesInProcess(SurefireStarter.java:91)
	at org.apache.maven.surefire.booter.ForkedBooter.main(ForkedBooter.java:69)
... Removed 25 stack frames]]>
    </failure>
  </testcase> <!-- @BeforeClass setup -->
  <testcase name="testDBConnection" time="0.0010" classname="frameworktests.TestFramework">
    <skipped/>
  </testcase> <!-- testDBConnection -->
  <testcase name="testGetAMSJsonFiles" time="0.0" classname="frameworktests.TestFramework">
    <skipped/>
  </testcase> <!-- testGetAMSJsonFiles -->
  <testcase name="testGetBTRJsonFiles" time="0.0" classname="frameworktests.TestFramework">
    <skipped/>
  </testcase> <!-- testGetBTRJsonFiles -->
  <testcase name="testGetInvalidAttributeValue" time="0.0" classname="frameworktests.TestFramework">
    <skipped/>
  </testcase> <!-- testGetInvalidAttributeValue -->
  <testcase name="testGetSuccessfulAttributeValue" time="0.0010" classname="frameworktests.TestFramework">
    <skipped/>
  </testcase> <!-- testGetSuccessfulAttributeValue -->
  <testcase name="testInvalidBrowserType" time="0.0010" classname="frameworktests.TestFramework">
    <skipped/>
  </testcase> <!-- testInvalidBrowserType -->
  <testcase name="testInvalidJsonEnvironment" time="0.0" classname="frameworktests.TestFramework">
    <skipped/>
  </testcase> <!-- testInvalidJsonEnvironment -->
  <testcase name="testNonExistingProject" time="0.0" classname="frameworktests.TestFramework">
    <skipped/>
  </testcase> <!-- testNonExistingProject -->
  <testcase name="testProperJsonBrowserType" time="0.0" classname="frameworktests.TestFramework">
    <skipped/>
  </testcase> <!-- testProperJsonBrowserType -->
  <testcase name="testProperJsonEnvironment" time="0.0" classname="frameworktests.TestFramework">
    <skipped/>
  </testcase> <!-- testProperJsonEnvironment -->
  <testcase name="testProperJsonImplicitWaitTime" time="0.0" classname="frameworktests.TestFramework">
    <skipped/>
  </testcase> <!-- testProperJsonImplicitWaitTime -->
  <testcase name="testProperJsonProjectType" time="0.0" classname="frameworktests.TestFramework">
    <skipped/>
  </testcase> <!-- testProperJsonProjectType -->
</testsuite> <!-- Command line test -->
