<?xml version="1.0" encoding="UTF-8"?>
<!-- Generated by org.testng.reporters.JUnitXMLReporter -->
<testsuite hostname="Daniels-MacBook-Pro.local" name="Default test" tests="12" failures="0" timestamp="17 Jul 2012 21:30:44 GMT" time="0.189" errors="0">
  <testcase name="@BeforeClass setup" time="0.0" classname="frameworktests.TestFramework">
    <failure type="java.lang.NullPointerException">
      <![CDATA[java.lang.NullPointerException
	at com.webdriver.qa.automation.framework.Framework.loadFramework(Framework.java:67)
	at frameworktests.TestFramework.setup(TestFramework.java:31)
	at sun.reflect.NativeMethodAccessorImpl.invoke0(Native Method)
	at sun.reflect.NativeMethodAccessorImpl.invoke(NativeMethodAccessorImpl.java:39)
	at sun.reflect.DelegatingMethodAccessorImpl.invoke(DelegatingMethodAccessorImpl.java:25)
	at java.lang.reflect.Method.invoke(Method.java:597)
	at org.testng.internal.MethodInvocationHelper.invokeMethod(MethodInvocationHelper.java:80)
	at org.testng.internal.Invoker.invokeConfigurationMethod(Invoker.java:551)
	at org.testng.internal.Invoker.invokeConfigurations(Invoker.java:213)
	at org.testng.internal.Invoker.invokeConfigurations(Invoker.java:138)
	at org.testng.internal.TestMethodWorker.invokeBeforeClassMethods(TestMethodWorker.java:175)
	at org.testng.internal.TestMethodWorker.run(TestMethodWorker.java:107)
	at org.testng.TestRunner.privateRun(TestRunner.java:768)
	at org.testng.TestRunner.run(TestRunner.java:617)
	at org.testng.SuiteRunner.runTest(SuiteRunner.java:334)
	at org.testng.SuiteRunner.runSequentially(SuiteRunner.java:329)
	at org.testng.SuiteRunner.privateRun(SuiteRunner.java:291)
	at org.testng.SuiteRunner.run(SuiteRunner.java:240)
	at org.testng.SuiteRunnerWorker.runSuite(SuiteRunnerWorker.java:53)
	at org.testng.SuiteRunnerWorker.run(SuiteRunnerWorker.java:87)
	at org.testng.TestNG.runSuitesSequentially(TestNG.java:1185)
	at org.testng.TestNG.runSuitesLocally(TestNG.java:1110)
	at org.testng.TestNG.run(TestNG.java:1022)
	at org.testng.remote.RemoteTestNG.run(RemoteTestNG.java:109)
	at org.testng.remote.RemoteTestNG.initAndRun(RemoteTestNG.java:202)
	at org.testng.remote.RemoteTestNG.main(RemoteTestNG.java:173)
]]>
    </failure>
  </testcase> <!-- @BeforeClass setup -->
  <testcase name="testDBConnection" time="0.0010" classname="frameworktests.TestFramework">
    <skipped/>
  </testcase> <!-- testDBConnection -->
  <testcase name="testGetAMSJsonFiles" time="0.0010" classname="frameworktests.TestFramework">
    <skipped/>
  </testcase> <!-- testGetAMSJsonFiles -->
  <testcase name="testGetBTRJsonFiles" time="0.0010" classname="frameworktests.TestFramework">
    <skipped/>
  </testcase> <!-- testGetBTRJsonFiles -->
  <testcase name="testGetInvalidAttributeValue" time="0.0010" classname="frameworktests.TestFramework">
    <skipped/>
  </testcase> <!-- testGetInvalidAttributeValue -->
  <testcase name="testGetSuccessfulAttributeValue" time="0.0" classname="frameworktests.TestFramework">
    <skipped/>
  </testcase> <!-- testGetSuccessfulAttributeValue -->
  <testcase name="testInvalidBrowserType" time="0.0" classname="frameworktests.TestFramework">
    <skipped/>
  </testcase> <!-- testInvalidBrowserType -->
  <testcase name="testInvalidJsonEnvironment" time="0.0" classname="frameworktests.TestFramework">
    <skipped/>
  </testcase> <!-- testInvalidJsonEnvironment -->
  <testcase name="testNonExistingProject" time="0.0010" classname="frameworktests.TestFramework">
    <skipped/>
  </testcase> <!-- testNonExistingProject -->
  <testcase name="testProperJsonBrowserType" time="0.0010" classname="frameworktests.TestFramework">
    <skipped/>
  </testcase> <!-- testProperJsonBrowserType -->
  <testcase name="testProperJsonEnvironment" time="0.0010" classname="frameworktests.TestFramework">
    <skipped/>
  </testcase> <!-- testProperJsonEnvironment -->
  <testcase name="testProperJsonImplicitWaitTime" time="0.0010" classname="frameworktests.TestFramework">
    <skipped/>
  </testcase> <!-- testProperJsonImplicitWaitTime -->
  <testcase name="testProperJsonProjectType" time="0.0010" classname="frameworktests.TestFramework">
    <skipped/>
  </testcase> <!-- testProperJsonProjectType -->
</testsuite> <!-- Default test -->
